<?xml version="1.0" encoding="UTF-8"?>
<testsuite name="com.snowflake.core.SnowflakeBuilderTest" tests="1" skipped="0" failures="0" errors="0" timestamp="2023-03-28T17:47:28" hostname="L74D5XV4TJ" time="0.017">
  <properties/>
  <testcase name="testConfig" classname="com.snowflake.core.SnowflakeBuilderTest" time="0.017"/>
  <system-out><![CDATA[]]></system-out>
  <system-err><![CDATA[]]></system-err>
</testsuite>
