<?xml version="1.0" encoding="UTF-8"?>
<testsuite name="com.snowflake.core.SnowflakeTest" tests="3" skipped="0" failures="0" errors="0" timestamp="2023-03-28T17:47:30" hostname="L74D5XV4TJ" time="0.14">
  <properties/>
  <testcase name="testUploadDependencies" classname="com.snowflake.core.SnowflakeTest" time="0.121"/>
  <testcase name="testGetImportString" classname="com.snowflake.core.SnowflakeTest" time="0.007"/>
  <testcase name="testUploadArtifact" classname="com.snowflake.core.SnowflakeTest" time="0.007"/>
  <system-out><![CDATA[]]></system-out>
  <system-err><![CDATA[]]></system-err>
</testsuite>
